<?xml version="1.0" encoding="UTF-8" ?>
<testsuite tests="1" failures="0" name="org.hibernate.bugs.JPAUnitTestCase" time="0.097" errors="1" skipped="0">
  <properties>
[...]
</properties>
  <testcase classname="org.hibernate.bugs.JPAUnitTestCase" name="hhh123Test" time="0.097">
    <error message="Unable to locate persister: entity.Student" type="java.lang.IllegalArgumentException">java.lang.IllegalArgumentException: Unable to locate persister: entity.Student
	at org.hibernate.internal.SessionImpl.firePersist(SessionImpl.java:740)
	at org.hibernate.internal.SessionImpl.persist(SessionImpl.java:721)
	at org.hibernate.bugs.JPAUnitTestCase.hhh123Test(JPAUnitTestCase.java:45)
	at java.base/jdk.internal.reflect.NativeMethodAccessorImpl.invoke0(Native Method)
	at java.base/jdk.internal.reflect.NativeMethodAccessorImpl.invoke(NativeMethodAccessorImpl.java:77)
	at java.base/jdk.internal.reflect.DelegatingMethodAccessorImpl.invoke(DelegatingMethodAccessorImpl.java:43)
	at java.base/java.lang.reflect.Method.invoke(Method.java:568)
	at org.junit.runners.model.FrameworkMethod$1.runReflectiveCall(FrameworkMethod.java:59)
	at org.junit.internal.runners.model.ReflectiveCallable.run(ReflectiveCallable.java:12)
	at org.junit.runners.model.FrameworkMethod.invokeExplosively(FrameworkMethod.java:56)
	at org.junit.internal.runners.statements.InvokeMethod.evaluate(InvokeMethod.java:17)
	at org.junit.internal.runners.statements.RunBefores.evaluate(RunBefores.java:26)
	at org.junit.internal.runners.statements.RunAfters.evaluate(RunAfters.java:27)
	at org.junit.runners.ParentRunner$3.evaluate(ParentRunner.java:306)
	at org.junit.runners.BlockJUnit4ClassRunner$1.evaluate(BlockJUnit4ClassRunner.java:100)
	at org.junit.runners.ParentRunner.runLeaf(ParentRunner.java:366)
	at org.junit.runners.BlockJUnit4ClassRunner.runChild(BlockJUnit4ClassRunner.java:103)
	at org.junit.runners.BlockJUnit4ClassRunner.runChild(BlockJUnit4ClassRunner.java:63)
	at org.junit.runners.ParentRunner$4.run(ParentRunner.java:331)
	at org.junit.runners.ParentRunner$1.schedule(ParentRunner.java:79)
	at org.junit.runners.ParentRunner.runChildren(ParentRunner.java:329)
	at org.junit.runners.ParentRunner.access$100(ParentRunner.java:66)
	at org.junit.runners.ParentRunner$2.evaluate(ParentRunner.java:293)
	at org.junit.runners.ParentRunner$3.evaluate(ParentRunner.java:306)
	at org.junit.runners.ParentRunner.run(ParentRunner.java:413)
	at org.apache.maven.surefire.junit4.JUnit4Provider.execute(JUnit4Provider.java:252)
	at org.apache.maven.surefire.junit4.JUnit4Provider.executeTestSet(JUnit4Provider.java:141)
	at org.apache.maven.surefire.junit4.JUnit4Provider.invoke(JUnit4Provider.java:112)
	at java.base/jdk.internal.reflect.NativeMethodAccessorImpl.invoke0(Native Method)
	at java.base/jdk.internal.reflect.NativeMethodAccessorImpl.invoke(NativeMethodAccessorImpl.java:77)
	at java.base/jdk.internal.reflect.DelegatingMethodAccessorImpl.invoke(DelegatingMethodAccessorImpl.java:43)
	at java.base/java.lang.reflect.Method.invoke(Method.java:568)
	at org.apache.maven.surefire.util.ReflectionUtils.invokeMethodWithArray(ReflectionUtils.java:189)
	at org.apache.maven.surefire.booter.ProviderFactory$ProviderProxy.invoke(ProviderFactory.java:165)
	at org.apache.maven.surefire.booter.ProviderFactory.invokeProvider(ProviderFactory.java:85)
	at org.apache.maven.surefire.booter.ForkedBooter.runSuitesInProcess(ForkedBooter.java:115)
	at org.apache.maven.surefire.booter.ForkedBooter.main(ForkedBooter.java:75)
</error>
    <system-out>2023-02-19 14:21:56 INFO  LogHelper:31 - HHH000204: Processing PersistenceUnitInfo [name: templatePU]
2023-02-19 14:21:56 WARN  CachingRegionFactory:48 - org.hibernate.testing.cache.CachingRegionFactory should be only used for testing.
2023-02-19 14:21:56 WARN  pooling:80 - HHH10001002: Using built-in connection pool (not intended for production use)
2023-02-19 14:21:56 INFO  pooling:139 - HHH10001005: Loaded JDBC driver class: org.h2.Driver
2023-02-19 14:21:56 INFO  pooling:161 - HHH10001012: Connecting with JDBC URL [jdbc:h2:mem:db1;DB_CLOSE_DELAY=-1]
2023-02-19 14:21:56 INFO  pooling:170 - HHH10001001: Connection properties: {password=****, user=sa}
2023-02-19 14:21:56 INFO  pooling:174 - HHH10001003: Autocommit mode: false
2023-02-19 14:21:56 INFO  pooling:366 - HHH10001115: Connection pool size: 5 (min=1)
2023-02-19 14:21:56 INFO  SQL dialect:66 - HHH000400: Using dialect: org.hibernate.dialect.H2Dialect
2023-02-19 14:21:56 INFO  JtaPlatformInitiator:51 - HHH000490: Using JtaPlatform implementation: [org.hibernate.engine.transaction.jta.platform.internal.WildFlyStandAloneJtaPlatform]
2023-02-19 14:21:56 INFO  pooling:608 - HHH10001008: Cleaning up connection pool [jdbc:h2:mem:db1;DB_CLOSE_DELAY=-1]
2023-02-19 14:21:56 ERROR pooling:470 - Connection leak detected: there are 1 unclosed connections upon shutting down pool jdbc:h2:mem:db1;DB_CLOSE_DELAY=-1
2023-02-19 14:21:56 ERROR pooling:301 - Connection leak detected: there are 1 unclosed connections
</system-out>
  </testcase>
</testsuite>